{"C:\\Users\\bhask\\OneDrive\\Desktop\\week 11\\testing-suite\\src\\components\\Button\\Button.jsx": {"path":"C:\\Users\\bhask\\OneDrive\\Desktop\\week 11\\testing-suite\\src\\components\\Button\\Button.jsx","statementMap":{"0":{"start":{"line":4,"column":2},"end":{"line":14,"column":4}}},"fnMap":{"0":{"name":"Button","decl":{"start":{"line":3,"column":9},"end":{"line":3,"column":15}},"loc":{"start":{"line":3,"column":92},"end":{"line":15,"column":1}},"line":3}},"branchMap":{"0":{"loc":{"start":{"line":3,"column":34},"end":{"line":3,"column":53}},"type":"default-arg","locations":[{"start":{"line":3,"column":44},"end":{"line":3,"column":53}}],"line":3},"1":{"loc":{"start":{"line":3,"column":55},"end":{"line":3,"column":71}},"type":"default-arg","locations":[{"start":{"line":3,"column":66},"end":{"line":3,"column":71}}],"line":3},"2":{"loc":{"start":{"line":3,"column":73},"end":{"line":3,"column":88}},"type":"default-arg","locations":[{"start":{"line":3,"column":80},"end":{"line":3,"column":88}}],"line":3}},"s":{"0":12},"f":{"0":12},"b":{"0":[10],"1":[9],"2":[11]},"_coverageSchema":"1a1c01bbd47fc00a2c39e90264f33305004495a9","hash":"2e13ae810ed97e568f4269dd9882ba235410fd03"}
,"C:\\Users\\bhask\\OneDrive\\Desktop\\week 11\\testing-suite\\src\\components\\Card\\Card.jsx": {"path":"C:\\Users\\bhask\\OneDrive\\Desktop\\week 11\\testing-suite\\src\\components\\Card\\Card.jsx","statementMap":{"0":{"start":{"line":4,"column":2},"end":{"line":28,"column":4}}},"fnMap":{"0":{"name":"Card","decl":{"start":{"line":3,"column":9},"end":{"line":3,"column":13}},"loc":{"start":{"line":3,"column":56},"end":{"line":29,"column":1}},"line":3}},"branchMap":{"0":{"loc":{"start":{"line":6,"column":7},"end":{"line":13,"column":7}},"type":"binary-expr","locations":[{"start":{"line":6,"column":7},"end":{"line":6,"column":15}},{"start":{"line":7,"column":8},"end":{"line":12,"column":10}}],"line":6},"1":{"loc":{"start":{"line":16,"column":9},"end":{"line":20,"column":9}},"type":"binary-expr","locations":[{"start":{"line":16,"column":9},"end":{"line":16,"column":20}},{"start":{"line":17,"column":10},"end":{"line":19,"column":14}}],"line":16},"2":{"loc":{"start":{"line":22,"column":7},"end":{"line":26,"column":7}},"type":"binary-expr","locations":[{"start":{"line":22,"column":7},"end":{"line":22,"column":13}},{"start":{"line":23,"column":8},"end":{"line":25,"column":14}}],"line":22}},"s":{"0":9},"f":{"0":9},"b":{"0":[9,2],"1":[9,1],"2":[9,1]},"_coverageSchema":"1a1c01bbd47fc00a2c39e90264f33305004495a9","hash":"43dc82607d171dc4b84970d98a28f62da7c1eab4"}
,"C:\\Users\\bhask\\OneDrive\\Desktop\\week 11\\testing-suite\\src\\components\\Counter\\Counter.jsx": {"path":"C:\\Users\\bhask\\OneDrive\\Desktop\\week 11\\testing-suite\\src\\components\\Counter\\Counter.jsx","statementMap":{"0":{"start":{"line":5,"column":28},"end":{"line":5,"column":50}},"1":{"start":{"line":7,"column":20},"end":{"line":7,"column":57}},"2":{"start":{"line":7,"column":26},"end":{"line":7,"column":57}},"3":{"start":{"line":7,"column":45},"end":{"line":7,"column":56}},"4":{"start":{"line":8,"column":20},"end":{"line":8,"column":57}},"5":{"start":{"line":8,"column":26},"end":{"line":8,"column":57}},"6":{"start":{"line":8,"column":45},"end":{"line":8,"column":56}},"7":{"start":{"line":9,"column":16},"end":{"line":9,"column":44}},"8":{"start":{"line":9,"column":22},"end":{"line":9,"column":44}},"9":{"start":{"line":11,"column":2},"end":{"line":41,"column":4}}},"fnMap":{"0":{"name":"Counter","decl":{"start":{"line":4,"column":9},"end":{"line":4,"column":16}},"loc":{"start":{"line":4,"column":49},"end":{"line":42,"column":1}},"line":4},"1":{"name":"(anonymous_1)","decl":{"start":{"line":7,"column":20},"end":{"line":7,"column":21}},"loc":{"start":{"line":7,"column":26},"end":{"line":7,"column":57}},"line":7},"2":{"name":"(anonymous_2)","decl":{"start":{"line":7,"column":35},"end":{"line":7,"column":36}},"loc":{"start":{"line":7,"column":45},"end":{"line":7,"column":56}},"line":7},"3":{"name":"(anonymous_3)","decl":{"start":{"line":8,"column":20},"end":{"line":8,"column":21}},"loc":{"start":{"line":8,"column":26},"end":{"line":8,"column":57}},"line":8},"4":{"name":"(anonymous_4)","decl":{"start":{"line":8,"column":35},"end":{"line":8,"column":36}},"loc":{"start":{"line":8,"column":45},"end":{"line":8,"column":56}},"line":8},"5":{"name":"(anonymous_5)","decl":{"start":{"line":9,"column":16},"end":{"line":9,"column":17}},"loc":{"start":{"line":9,"column":22},"end":{"line":9,"column":44}},"line":9}},"branchMap":{"0":{"loc":{"start":{"line":4,"column":19},"end":{"line":4,"column":35}},"type":"default-arg","locations":[{"start":{"line":4,"column":34},"end":{"line":4,"column":35}}],"line":4},"1":{"loc":{"start":{"line":4,"column":37},"end":{"line":4,"column":45}},"type":"default-arg","locations":[{"start":{"line":4,"column":44},"end":{"line":4,"column":45}}],"line":4}},"s":{"0":29,"1":29,"2":13,"3":13,"4":29,"5":4,"6":4,"7":29,"8":1,"9":29},"f":{"0":29,"1":13,"2":13,"3":4,"4":4,"5":1},"b":{"0":[23],"1":[25]},"_coverageSchema":"1a1c01bbd47fc00a2c39e90264f33305004495a9","hash":"6f82cf8d1af88ced15b8d46969b661471ffa318e"}
,"C:\\Users\\bhask\\OneDrive\\Desktop\\week 11\\testing-suite\\src\\components\\InputField\\InputField.jsx": {"path":"C:\\Users\\bhask\\OneDrive\\Desktop\\week 11\\testing-suite\\src\\components\\InputField\\InputField.jsx","statementMap":{"0":{"start":{"line":4,"column":18},"end":{"line":4,"column":65}},"1":{"start":{"line":6,"column":2},"end":{"line":28,"column":4}}},"fnMap":{"0":{"name":"InputField","decl":{"start":{"line":3,"column":9},"end":{"line":3,"column":19}},"loc":{"start":{"line":3,"column":87},"end":{"line":29,"column":1}},"line":3}},"branchMap":{"0":{"loc":{"start":{"line":3,"column":59},"end":{"line":3,"column":72}},"type":"default-arg","locations":[{"start":{"line":3,"column":66},"end":{"line":3,"column":72}}],"line":3},"1":{"loc":{"start":{"line":4,"column":18},"end":{"line":4,"column":65}},"type":"binary-expr","locations":[{"start":{"line":4,"column":18},"end":{"line":4,"column":20}},{"start":{"line":4,"column":24},"end":{"line":4,"column":65}}],"line":4},"2":{"loc":{"start":{"line":8,"column":7},"end":{"line":12,"column":7}},"type":"binary-expr","locations":[{"start":{"line":8,"column":7},"end":{"line":8,"column":12}},{"start":{"line":9,"column":8},"end":{"line":11,"column":16}}],"line":8},"3":{"loc":{"start":{"line":14,"column":34},"end":{"line":14,"column":60}},"type":"cond-expr","locations":[{"start":{"line":14,"column":42},"end":{"line":14,"column":55}},{"start":{"line":14,"column":58},"end":{"line":14,"column":60}}],"line":14},"4":{"loc":{"start":{"line":22,"column":7},"end":{"line":26,"column":7}},"type":"binary-expr","locations":[{"start":{"line":22,"column":7},"end":{"line":22,"column":12}},{"start":{"line":23,"column":8},"end":{"line":25,"column":15}}],"line":22}},"s":{"0":11,"1":11},"f":{"0":11},"b":{"0":[10],"1":[11,11],"2":[11,11],"3":[3,8],"4":[11,3]},"_coverageSchema":"1a1c01bbd47fc00a2c39e90264f33305004495a9","hash":"d79d15aae20c2ae4857bc71ef8dd644c98394263"}
,"C:\\Users\\bhask\\OneDrive\\Desktop\\week 11\\testing-suite\\src\\components\\UserProfile\\UserProfile.jsx": {"path":"C:\\Users\\bhask\\OneDrive\\Desktop\\week 11\\testing-suite\\src\\components\\UserProfile\\UserProfile.jsx","statementMap":{"0":{"start":{"line":5,"column":26},"end":{"line":5,"column":40}},"1":{"start":{"line":6,"column":32},"end":{"line":6,"column":46}},"2":{"start":{"line":7,"column":28},"end":{"line":7,"column":42}},"3":{"start":{"line":9,"column":2},"end":{"line":44,"column":15}},"4":{"start":{"line":10,"column":20},"end":{"line":10,"column":25}},"5":{"start":{"line":13,"column":6},"end":{"line":13,"column":23}},"6":{"start":{"line":14,"column":6},"end":{"line":14,"column":21}},"7":{"start":{"line":16,"column":6},"end":{"line":36,"column":7}},"8":{"start":{"line":17,"column":25},"end":{"line":19,"column":9}},"9":{"start":{"line":21,"column":8},"end":{"line":23,"column":9}},"10":{"start":{"line":22,"column":10},"end":{"line":22,"column":55}},"11":{"start":{"line":25,"column":21},"end":{"line":25,"column":42}},"12":{"start":{"line":27,"column":8},"end":{"line":30,"column":9}},"13":{"start":{"line":28,"column":10},"end":{"line":28,"column":24}},"14":{"start":{"line":29,"column":10},"end":{"line":29,"column":28}},"15":{"start":{"line":32,"column":8},"end":{"line":35,"column":9}},"16":{"start":{"line":33,"column":10},"end":{"line":33,"column":32}},"17":{"start":{"line":34,"column":10},"end":{"line":34,"column":28}},"18":{"start":{"line":39,"column":4},"end":{"line":39,"column":16}},"19":{"start":{"line":41,"column":4},"end":{"line":43,"column":6}},"20":{"start":{"line":42,"column":6},"end":{"line":42,"column":23}},"21":{"start":{"line":46,"column":2},"end":{"line":53,"column":3}},"22":{"start":{"line":47,"column":4},"end":{"line":52,"column":6}},"23":{"start":{"line":55,"column":2},"end":{"line":61,"column":3}},"24":{"start":{"line":56,"column":4},"end":{"line":60,"column":6}},"25":{"start":{"line":63,"column":2},"end":{"line":75,"column":4}}},"fnMap":{"0":{"name":"UserProfile","decl":{"start":{"line":4,"column":9},"end":{"line":4,"column":20}},"loc":{"start":{"line":4,"column":33},"end":{"line":76,"column":1}},"line":4},"1":{"name":"(anonymous_1)","decl":{"start":{"line":9,"column":12},"end":{"line":9,"column":13}},"loc":{"start":{"line":9,"column":18},"end":{"line":44,"column":3}},"line":9},"2":{"name":"fetchUser","decl":{"start":{"line":12,"column":19},"end":{"line":12,"column":28}},"loc":{"start":{"line":12,"column":31},"end":{"line":37,"column":5}},"line":12},"3":{"name":"(anonymous_3)","decl":{"start":{"line":41,"column":11},"end":{"line":41,"column":12}},"loc":{"start":{"line":41,"column":17},"end":{"line":43,"column":5}},"line":41}},"branchMap":{"0":{"loc":{"start":{"line":21,"column":8},"end":{"line":23,"column":9}},"type":"if","locations":[{"start":{"line":21,"column":8},"end":{"line":23,"column":9}},{"start":{},"end":{}}],"line":21},"1":{"loc":{"start":{"line":27,"column":8},"end":{"line":30,"column":9}},"type":"if","locations":[{"start":{"line":27,"column":8},"end":{"line":30,"column":9}},{"start":{},"end":{}}],"line":27},"2":{"loc":{"start":{"line":32,"column":8},"end":{"line":35,"column":9}},"type":"if","locations":[{"start":{"line":32,"column":8},"end":{"line":35,"column":9}},{"start":{},"end":{}}],"line":32},"3":{"loc":{"start":{"line":46,"column":2},"end":{"line":53,"column":3}},"type":"if","locations":[{"start":{"line":46,"column":2},"end":{"line":53,"column":3}},{"start":{},"end":{}}],"line":46},"4":{"loc":{"start":{"line":55,"column":2},"end":{"line":61,"column":3}},"type":"if","locations":[{"start":{"line":55,"column":2},"end":{"line":61,"column":3}},{"start":{},"end":{}}],"line":55}},"s":{"0":12,"1":12,"2":12,"3":12,"4":7,"5":7,"6":7,"7":7,"8":7,"9":5,"10":1,"11":4,"12":4,"13":4,"14":4,"15":2,"16":2,"17":2,"18":7,"19":7,"20":7,"21":12,"22":7,"23":5,"24":2,"25":3},"f":{"0":12,"1":7,"2":7,"3":7},"b":{"0":[1,4],"1":[4,0],"2":[2,0],"3":[7,5],"4":[2,3]},"_coverageSchema":"1a1c01bbd47fc00a2c39e90264f33305004495a9","hash":"4a95adf1a9daee7970581d9b4be7ad7270baa827"}
}
