TN:
SF:src\components\Button\Button.jsx
FN:3,Button
FNF:1
FNH:1
FNDA:12,Button
DA:4,12
LF:1
LH:1
BRDA:3,0,0,10
BRDA:3,1,0,9
BRDA:3,2,0,11
BRF:3
BRH:3
end_of_record
TN:
SF:src\components\Card\Card.jsx
FN:3,Card
FNF:1
FNH:1
FNDA:9,Card
DA:4,9
LF:1
LH:1
BRDA:6,0,0,9
BRDA:6,0,1,2
BRDA:16,1,0,9
BRDA:16,1,1,1
BRDA:22,2,0,9
BRDA:22,2,1,1
BRF:6
BRH:6
end_of_record
TN:
SF:src\components\Counter\Counter.jsx
FN:4,Counter
FN:7,(anonymous_1)
FN:7,(anonymous_2)
FN:8,(anonymous_3)
FN:8,(anonymous_4)
FN:9,(anonymous_5)
FNF:6
FNH:6
FNDA:29,Counter
FNDA:13,(anonymous_1)
FNDA:13,(anonymous_2)
FNDA:4,(anonymous_3)
FNDA:4,(anonymous_4)
FNDA:1,(anonymous_5)
DA:5,29
DA:7,29
DA:8,29
DA:9,29
DA:11,29
LF:5
LH:5
BRDA:4,0,0,23
BRDA:4,1,0,25
BRF:2
BRH:2
end_of_record
TN:
SF:src\components\InputField\InputField.jsx
FN:3,InputField
FNF:1
FNH:1
FNDA:11,InputField
DA:4,11
DA:6,11
LF:2
LH:2
BRDA:3,0,0,10
BRDA:4,1,0,11
BRDA:4,1,1,11
BRDA:8,2,0,11
BRDA:8,2,1,11
BRDA:14,3,0,3
BRDA:14,3,1,8
BRDA:22,4,0,11
BRDA:22,4,1,3
BRF:9
BRH:9
end_of_record
TN:
SF:src\components\UserProfile\UserProfile.jsx
FN:4,UserProfile
FN:9,(anonymous_1)
FN:12,fetchUser
FN:41,(anonymous_3)
FNF:4
FNH:4
FNDA:12,UserProfile
FNDA:7,(anonymous_1)
FNDA:7,fetchUser
FNDA:7,(anonymous_3)
DA:5,12
DA:6,12
DA:7,12
DA:9,12
DA:10,7
DA:13,7
DA:14,7
DA:16,7
DA:17,7
DA:21,5
DA:22,1
DA:25,4
DA:27,4
DA:28,4
DA:29,4
DA:32,2
DA:33,2
DA:34,2
DA:39,7
DA:41,7
DA:42,7
DA:46,12
DA:47,7
DA:55,5
DA:56,2
DA:63,3
LF:26
LH:26
BRDA:21,0,0,1
BRDA:21,0,1,4
BRDA:27,1,0,4
BRDA:27,1,1,0
BRDA:32,2,0,2
BRDA:32,2,1,0
BRDA:46,3,0,7
BRDA:46,3,1,5
BRDA:55,4,0,2
BRDA:55,4,1,3
BRF:10
BRH:8
end_of_record
